Added Component: Designator=D1(0805)
Add component. Clean all parameters for all variants
Added Component: Designator=D2(0805)
Add component. Clean all parameters for all variants
Added Component: Designator=D3(0805)
Add component. Clean all parameters for all variants
Added Component: Designator=D4(0805)
Add component. Clean all parameters for all variants
Added Component: Designator=D5(0805)
Add component. Clean all parameters for all variants
Added Component: Designator=D6(0805)
Add component. Clean all parameters for all variants
Added Component: Designator=D7(0805)
Add component. Clean all parameters for all variants
Added Component: Designator=D8(0805)
Add component. Clean all parameters for all variants
Added Component: Designator=D9(0805)
Add component. Clean all parameters for all variants
Added Component: Designator=D10(0805)
Add component. Clean all parameters for all variants
Added Component: Designator=D11(0805)
Add component. Clean all parameters for all variants
Added Component: Designator=D12(0805)
Add component. Clean all parameters for all variants
Added Component: Designator=D13(0805)
Add component. Clean all parameters for all variants
Added Component: Designator=D14(0805)
Add component. Clean all parameters for all variants
Added Component: Designator=D15(0805)
Add component. Clean all parameters for all variants
Added Component: Designator=D16(0805)
Add component. Clean all parameters for all variants
Added Component: Designator=J1(SIP6)
Add component. Clean all parameters for all variants
Added Component: Designator=J2(SIP2)
Add component. Clean all parameters for all variants
Added Component: Designator=J3(SIP2)
Add component. Clean all parameters for all variants
Added Component: Designator=R1(0805)
Add component. Clean all parameters for all variants
Added Component: Designator=R2(0805)
Add component. Clean all parameters for all variants
Added Component: Designator=R3(0805)
Add component. Clean all parameters for all variants
Added Component: Designator=R4(0805)
Add component. Clean all parameters for all variants
Added Component: Designator=R5(0805)
Add component. Clean all parameters for all variants
Added Component: Designator=R6(0805)
Add component. Clean all parameters for all variants
Added Component: Designator=R7(0805)
Add component. Clean all parameters for all variants
Added Component: Designator=R8(0805)
Add component. Clean all parameters for all variants
Added Component: Designator=R9(0805)
Add component. Clean all parameters for all variants
Added Component: Designator=R10(0805)
Add component. Clean all parameters for all variants
Added Component: Designator=R11(0805)
Add component. Clean all parameters for all variants
Added Component: Designator=R12(0805)
Add component. Clean all parameters for all variants
Added Component: Designator=R13(0805)
Add component. Clean all parameters for all variants
Added Component: Designator=R14(0805)
Add component. Clean all parameters for all variants
Added Component: Designator=R15(0805)
Add component. Clean all parameters for all variants
Added Component: Designator=R16(0805)
Add component. Clean all parameters for all variants
Added Component: Designator=R17(0805)
Add component. Clean all parameters for all variants
Added Component: Designator=R18(0805)
Add component. Clean all parameters for all variants
Added Component: Designator=R19(0805)
Add component. Clean all parameters for all variants
Added Component: Designator=R20(0805)
Add component. Clean all parameters for all variants
Added Component: Designator=R21(0805)
Add component. Clean all parameters for all variants
Added Component: Designator=R22(0805)
Add component. Clean all parameters for all variants
Added Component: Designator=R23(0805)
Add component. Clean all parameters for all variants
Added Component: Designator=R24(0805)
Add component. Clean all parameters for all variants
Added Component: Designator=R25(0805)
Add component. Clean all parameters for all variants
Added Component: Designator=T1(SOT23)
Add component. Clean all parameters for all variants
Added Component: Designator=T2(SOT23)
Add component. Clean all parameters for all variants
Added Component: Designator=T3(SOT23)
Add component. Clean all parameters for all variants
Added Component: Designator=T4(SOT23)
Add component. Clean all parameters for all variants
Added Component: Designator=T5(SOT23)
Add component. Clean all parameters for all variants
Added Component: Designator=T6(SOT23)
Add component. Clean all parameters for all variants
Added Component: Designator=T7(SOT23)
Add component. Clean all parameters for all variants
Added Component: Designator=T8(SOT23)
Add component. Clean all parameters for all variants
Added Component: Designator=U1(*SOIC127P798X216-8N)
Add component. Clean all parameters for all variants
Add component (AddParameter): Name = "Availability"; Value = "Unavailable"; VariantName = "[No Variations]"
Add component (AddParameter): Name = "MF"; Value = "Microchip"; VariantName = "[No Variations]"
Add component (AddParameter): Name = "MP"; Value = "ATTINY85-20SU"; VariantName = "[No Variations]"
Add component (AddParameter): Name = "Package"; Value = "SOIC-8 Atmel"; VariantName = "[No Variations]"
Add component (AddParameter): Name = "Price"; Value = "None"; VariantName = "[No Variations]"
Add component (AddParameter): Name = "SnapEDA_Link"; Value = "https://www.snapeda.com/parts/ATTINY85-20SU/Microchip/view-part/46337/?ref=snap"; VariantName = "[No Variations]"
Add component (AddParameter): Name = "Value"; Value = ""; VariantName = "[No Variations]"
Added Component: Designator=U2(*SOIC127P600X175-16N)
Add component. Clean all parameters for all variants
Add component (AddParameter): Name = "Availability"; Value = "Unavailable"; VariantName = "[No Variations]"
Add component (AddParameter): Name = "MF"; Value = "Toshiba"; VariantName = "[No Variations]"
Add component (AddParameter): Name = "MP"; Value = "74HC595D"; VariantName = "[No Variations]"
Add component (AddParameter): Name = "Package"; Value = "None"; VariantName = "[No Variations]"
Add component (AddParameter): Name = "Price"; Value = "None"; VariantName = "[No Variations]"
Add component (AddParameter): Name = "SnapEDA_Link"; Value = "https://www.snapeda.com/parts/74HC595D/avi/view-part/4572485/?ref=snap"; VariantName = "[No Variations]"
Add component (AddParameter): Name = "Value"; Value = ""; VariantName = "[No Variations]"
Added Pin To Net: NetName=clockL Pin=J1-2
Added Pin To Net: NetName=clockL Pin=U1-6
Added Pin To Net: NetName=clockL Pin=U2-12
Added Net: Name=clockL
Added Pin To Net: NetName=clockSR Pin=J1-1
Added Pin To Net: NetName=clockSR Pin=U1-5
Added Pin To Net: NetName=clockSR Pin=U2-11
Added Net: Name=clockSR
Added Pin To Net: NetName=dataIn Pin=J1-3
Added Pin To Net: NetName=dataIn Pin=U1-7
Added Pin To Net: NetName=dataIn Pin=U2-14
Added Net: Name=dataIn
Added Pin To Net: NetName=GND Pin=J2-2
Added Pin To Net: NetName=GND Pin=R25-1
Added Pin To Net: NetName=GND Pin=T1-3
Added Pin To Net: NetName=GND Pin=T2-3
Added Pin To Net: NetName=GND Pin=T3-3
Added Pin To Net: NetName=GND Pin=T4-3
Added Pin To Net: NetName=GND Pin=T5-3
Added Pin To Net: NetName=GND Pin=T6-3
Added Pin To Net: NetName=GND Pin=T7-3
Added Pin To Net: NetName=GND Pin=T8-3
Added Pin To Net: NetName=GND Pin=U1-4
Added Pin To Net: NetName=GND Pin=U2-8
Added Pin To Net: NetName=GND Pin=U2-13
Added Net: Name=GND
Added Pin To Net: NetName=NetD1_1 Pin=D1-1
Added Pin To Net: NetName=NetD1_1 Pin=R9-1
Added Net: Name=NetD1_1
Added Pin To Net: NetName=NetD1_2 Pin=D1-2
Added Pin To Net: NetName=NetD1_2 Pin=D2-2
Added Pin To Net: NetName=NetD1_2 Pin=T1-2
Added Net: Name=NetD1_2
Added Pin To Net: NetName=NetD2_1 Pin=D2-1
Added Pin To Net: NetName=NetD2_1 Pin=R10-1
Added Net: Name=NetD2_1
Added Pin To Net: NetName=NetD3_1 Pin=D3-1
Added Pin To Net: NetName=NetD3_1 Pin=R11-1
Added Net: Name=NetD3_1
Added Pin To Net: NetName=NetD3_2 Pin=D3-2
Added Pin To Net: NetName=NetD3_2 Pin=D4-2
Added Pin To Net: NetName=NetD3_2 Pin=T2-2
Added Net: Name=NetD3_2
Added Pin To Net: NetName=NetD4_1 Pin=D4-1
Added Pin To Net: NetName=NetD4_1 Pin=R12-1
Added Net: Name=NetD4_1
Added Pin To Net: NetName=NetD5_1 Pin=D5-1
Added Pin To Net: NetName=NetD5_1 Pin=R13-1
Added Net: Name=NetD5_1
Added Pin To Net: NetName=NetD5_2 Pin=D5-2
Added Pin To Net: NetName=NetD5_2 Pin=D6-2
Added Pin To Net: NetName=NetD5_2 Pin=T3-2
Added Net: Name=NetD5_2
Added Pin To Net: NetName=NetD6_1 Pin=D6-1
Added Pin To Net: NetName=NetD6_1 Pin=R14-1
Added Net: Name=NetD6_1
Added Pin To Net: NetName=NetD7_1 Pin=D7-1
Added Pin To Net: NetName=NetD7_1 Pin=R15-1
Added Net: Name=NetD7_1
Added Pin To Net: NetName=NetD7_2 Pin=D7-2
Added Pin To Net: NetName=NetD7_2 Pin=D8-2
Added Pin To Net: NetName=NetD7_2 Pin=T4-2
Added Net: Name=NetD7_2
Added Pin To Net: NetName=NetD8_1 Pin=D8-1
Added Pin To Net: NetName=NetD8_1 Pin=R16-1
Added Net: Name=NetD8_1
Added Pin To Net: NetName=NetD9_1 Pin=D9-1
Added Pin To Net: NetName=NetD9_1 Pin=R17-1
Added Net: Name=NetD9_1
Added Pin To Net: NetName=NetD9_2 Pin=D9-2
Added Pin To Net: NetName=NetD9_2 Pin=D10-2
Added Pin To Net: NetName=NetD9_2 Pin=T5-2
Added Net: Name=NetD9_2
Added Pin To Net: NetName=NetD10_1 Pin=D10-1
Added Pin To Net: NetName=NetD10_1 Pin=R18-1
Added Net: Name=NetD10_1
Added Pin To Net: NetName=NetD11_1 Pin=D11-1
Added Pin To Net: NetName=NetD11_1 Pin=R19-1
Added Net: Name=NetD11_1
Added Pin To Net: NetName=NetD11_2 Pin=D11-2
Added Pin To Net: NetName=NetD11_2 Pin=D12-2
Added Pin To Net: NetName=NetD11_2 Pin=T6-2
Added Net: Name=NetD11_2
Added Pin To Net: NetName=NetD12_1 Pin=D12-1
Added Pin To Net: NetName=NetD12_1 Pin=R20-1
Added Net: Name=NetD12_1
Added Pin To Net: NetName=NetD13_1 Pin=D13-1
Added Pin To Net: NetName=NetD13_1 Pin=R21-1
Added Net: Name=NetD13_1
Added Pin To Net: NetName=NetD13_2 Pin=D13-2
Added Pin To Net: NetName=NetD13_2 Pin=D14-2
Added Pin To Net: NetName=NetD13_2 Pin=T7-2
Added Net: Name=NetD13_2
Added Pin To Net: NetName=NetD14_1 Pin=D14-1
Added Pin To Net: NetName=NetD14_1 Pin=R22-1
Added Net: Name=NetD14_1
Added Pin To Net: NetName=NetD15_1 Pin=D15-1
Added Pin To Net: NetName=NetD15_1 Pin=R23-1
Added Net: Name=NetD15_1
Added Pin To Net: NetName=NetD15_2 Pin=D15-2
Added Pin To Net: NetName=NetD15_2 Pin=D16-2
Added Pin To Net: NetName=NetD15_2 Pin=T8-2
Added Net: Name=NetD15_2
Added Pin To Net: NetName=NetD16_1 Pin=D16-1
Added Pin To Net: NetName=NetD16_1 Pin=R24-1
Added Net: Name=NetD16_1
Added Pin To Net: NetName=NetR1_2 Pin=R1-2
Added Pin To Net: NetName=NetR1_2 Pin=T1-1
Added Net: Name=NetR1_2
Added Pin To Net: NetName=NetR2_2 Pin=R2-2
Added Pin To Net: NetName=NetR2_2 Pin=T2-1
Added Net: Name=NetR2_2
Added Pin To Net: NetName=NetR3_2 Pin=R3-2
Added Pin To Net: NetName=NetR3_2 Pin=T3-1
Added Net: Name=NetR3_2
Added Pin To Net: NetName=NetR4_2 Pin=R4-2
Added Pin To Net: NetName=NetR4_2 Pin=T4-1
Added Net: Name=NetR4_2
Added Pin To Net: NetName=NetR5_2 Pin=R5-2
Added Pin To Net: NetName=NetR5_2 Pin=T5-1
Added Net: Name=NetR5_2
Added Pin To Net: NetName=NetR6_2 Pin=R6-2
Added Pin To Net: NetName=NetR6_2 Pin=T6-1
Added Net: Name=NetR6_2
Added Pin To Net: NetName=NetR7_2 Pin=R7-2
Added Pin To Net: NetName=NetR7_2 Pin=T7-1
Added Net: Name=NetR7_2
Added Pin To Net: NetName=NetR8_2 Pin=R8-2
Added Pin To Net: NetName=NetR8_2 Pin=T8-1
Added Net: Name=NetR8_2
Added Pin To Net: NetName=o0 Pin=R1-1
Added Pin To Net: NetName=o0 Pin=U2-15
Added Net: Name=o0
Added Pin To Net: NetName=o1 Pin=R2-1
Added Pin To Net: NetName=o1 Pin=U2-1
Added Net: Name=o1
Added Pin To Net: NetName=o2 Pin=R3-1
Added Pin To Net: NetName=o2 Pin=U2-2
Added Net: Name=o2
Added Pin To Net: NetName=o3 Pin=R4-1
Added Pin To Net: NetName=o3 Pin=U2-3
Added Net: Name=o3
Added Pin To Net: NetName=o4 Pin=R5-1
Added Pin To Net: NetName=o4 Pin=U2-4
Added Net: Name=o4
Added Pin To Net: NetName=o5 Pin=R6-1
Added Pin To Net: NetName=o5 Pin=U2-5
Added Net: Name=o5
Added Pin To Net: NetName=o6 Pin=R7-1
Added Pin To Net: NetName=o6 Pin=U2-6
Added Net: Name=o6
Added Pin To Net: NetName=o7 Pin=R8-1
Added Pin To Net: NetName=o7 Pin=U2-7
Added Net: Name=o7
Added Pin To Net: NetName=PB3 Pin=J1-4
Added Pin To Net: NetName=PB3 Pin=J3-2
Added Pin To Net: NetName=PB3 Pin=R25-2
Added Pin To Net: NetName=PB3 Pin=U1-2
Added Net: Name=PB3
Added Pin To Net: NetName=PB4 Pin=J1-5
Added Pin To Net: NetName=PB4 Pin=U1-3
Added Net: Name=PB4
Added Pin To Net: NetName=PB5 Pin=J1-6
Added Pin To Net: NetName=PB5 Pin=U1-1
Added Net: Name=PB5
Added Pin To Net: NetName=VCC Pin=J2-1
Added Pin To Net: NetName=VCC Pin=J3-1
Added Pin To Net: NetName=VCC Pin=R9-2
Added Pin To Net: NetName=VCC Pin=R10-2
Added Pin To Net: NetName=VCC Pin=R11-2
Added Pin To Net: NetName=VCC Pin=R12-2
Added Pin To Net: NetName=VCC Pin=R13-2
Added Pin To Net: NetName=VCC Pin=R14-2
Added Pin To Net: NetName=VCC Pin=R15-2
Added Pin To Net: NetName=VCC Pin=R16-2
Added Pin To Net: NetName=VCC Pin=R17-2
Added Pin To Net: NetName=VCC Pin=R18-2
Added Pin To Net: NetName=VCC Pin=R19-2
Added Pin To Net: NetName=VCC Pin=R20-2
Added Pin To Net: NetName=VCC Pin=R21-2
Added Pin To Net: NetName=VCC Pin=R22-2
Added Pin To Net: NetName=VCC Pin=R23-2
Added Pin To Net: NetName=VCC Pin=R24-2
Added Pin To Net: NetName=VCC Pin=U1-8
Added Pin To Net: NetName=VCC Pin=U2-10
Added Pin To Net: NetName=VCC Pin=U2-16
Added Net: Name=VCC
Added Class: Name=Sheet1
Added Room: Name=Sheet1
